#
# There is insufficient memory for the Java Runtime Environment to continue.
# Native memory allocation (malloc) failed to allocate 1048576 bytes for AllocateHeap
# Possible reasons:
#   The system is out of physical RAM or swap space
#   In 32 bit mode, the process size limit was hit
# Possible solutions:
#   Reduce memory load on the system
#   Increase physical memory or swap space
#   Check if swap backing store is full
#   Use 64 bit Java on a 64 bit OS
#   Decrease Java heap size (-Xmx/-Xms)
#   Decrease number of Java threads
#   Decrease Java thread stack sizes (-Xss)
#   Set larger code cache with -XX:ReservedCodeCacheSize=
# This output file may be truncated or incomplete.
#
#  Out of Memory Error (memory/allocation.inline.hpp:61), pid=22040, tid=0x00000000000039c8
#
# JRE version:  (8.0_191-b12) (build )
# Java VM: Java HotSpot(TM) 64-Bit Server VM (25.191-b12 mixed mode windows-amd64 compressed oops)
# Failed to write core dump. Minidumps are not enabled by default on client versions of Windows
#

---------------  T H R E A D  ---------------

Current thread (0x00000000030d2800):  JavaThread "Unknown thread" [_thread_in_vm, id=14792, stack(0x0000000002fd0000,0x00000000030d0000)]

Stack: [0x0000000002fd0000,0x00000000030d0000]
[error occurred during error reporting (printing stack bounds), id 0xc0000005]

Native frames: (J=compiled Java code, j=interpreted, Vv=VM code, C=native code)


---------------  P R O C E S S  ---------------

Java Threads: ( => current thread )

Other Threads:

=>0x00000000030d2800 (exited) JavaThread "Unknown thread" [_thread_in_vm, id=14792, stack(0x0000000002fd0000,0x00000000030d0000)]

VM state:not at safepoint (normal execution)

VM Mutex/Monitor currently owned by a thread: None

Heap:
 PSYoungGen      total 33280K, used 573K [0x00000000daf00000, 0x00000000dd400000, 0x0000000100000000)
  eden space 28672K, 2% used [0x00000000daf00000,0x00000000daf8f5d0,0x00000000dcb00000)
  from space 4608K, 0% used [0x00000000dcf80000,0x00000000dcf80000,0x00000000dd400000)
  to   space 4608K, 0% used [0x00000000dcb00000,0x00000000dcb00000,0x00000000dcf80000)
 ParOldGen       total 76800K, used 0K [0x0000000090c00000, 0x0000000095700000, 0x00000000daf00000)
  object space 76800K, 0% used [0x0000000090c00000,0x0000000090c00000,0x0000000095700000)
 Metaspace       used 775K, capacity 4480K, committed 4480K, reserved 1056768K
  class space    used 76K, capacity 384K, committed 384K, reserved 1048576K

Card table byte_map: [0x0000000012590000,0x0000000012910000] byte_map_base: 0x000000001210a000

Marking Bits: (ParMarkBitMap*) 0x0000000076283e30
 Begin Bits: [0x0000000013370000, 0x0000000014f40000)
 End Bits:   [0x0000000014f40000, 0x0000000016b10000)

Polling page: 0x0000000000e10000

CodeCache: size=245760Kb used=327Kb max_used=327Kb free=245432Kb
 bounds [0x00000000031d0000, 0x0000000003440000, 0x00000000121d0000]
 total_blobs=57 nmethods=0 adapters=38
 compilation: enabled

Compilation events (0 events):
No events

GC Heap History (0 events):
No events

Deoptimization events (0 events):
No events

Classes redefined (0 events):
No events

Internal exceptions (0 events):
No events

Events (10 events):
Event: 0.038 loading class java/lang/Short
Event: 0.038 loading class java/lang/Short done
Event: 0.038 loading class java/lang/Integer
Event: 0.038 loading class java/lang/Integer done
Event: 0.038 loading class java/lang/Long
Event: 0.038 loading class java/lang/Long done
Event: 0.039 loading class java/lang/NullPointerException
Event: 0.040 loading class java/lang/NullPointerException done
Event: 0.040 loading class java/lang/ArithmeticException
Event: 0.040 loading class java/lang/ArithmeticException done


Dynamic libraries:
0x00007ff778300000 - 0x00007ff778337000 	C:\Program Files\Java\jdk1.8.0_191\bin\java.exe
0x00007ff972c20000 - 0x00007ff972e10000 	C:\WINDOWS\SYSTEM32\ntdll.dll
0x00007ff970d80000 - 0x00007ff970e32000 	C:\WINDOWS\System32\KERNEL32.DLL
0x00007ff9707d0000 - 0x00007ff970a73000 	C:\WINDOWS\System32\KERNELBASE.dll
0x00007ff970f60000 - 0x00007ff971003000 	C:\WINDOWS\System32\ADVAPI32.dll
0x00007ff972a50000 - 0x00007ff972aee000 	C:\WINDOWS\System32\msvcrt.dll
0x00007ff972b20000 - 0x00007ff972bb7000 	C:\WINDOWS\System32\sechost.dll
0x00007ff970e40000 - 0x00007ff970f60000 	C:\WINDOWS\System32\RPCRT4.dll
0x00007ff972700000 - 0x00007ff972894000 	C:\WINDOWS\System32\USER32.dll
0x00007ff96fdb0000 - 0x00007ff96fdd1000 	C:\WINDOWS\System32\win32u.dll
0x00007ff972af0000 - 0x00007ff972b16000 	C:\WINDOWS\System32\GDI32.dll
0x00007ff96fbb0000 - 0x00007ff96fd44000 	C:\WINDOWS\System32\gdi32full.dll
0x00007ff970730000 - 0x00007ff9707ce000 	C:\WINDOWS\System32\msvcp_win.dll
0x00007ff970a80000 - 0x00007ff970b7a000 	C:\WINDOWS\System32\ucrtbase.dll
0x00007ff961e50000 - 0x00007ff9620d5000 	C:\WINDOWS\WinSxS\amd64_microsoft.windows.common-controls_6595b64144ccf1df_6.0.18362.476_none_e6c4b11b130f2595\COMCTL32.dll
0x00007ff9722f0000 - 0x00007ff972626000 	C:\WINDOWS\System32\combase.dll
0x00007ff9706b0000 - 0x00007ff970730000 	C:\WINDOWS\System32\bcryptPrimitives.dll
0x00007ff970d50000 - 0x00007ff970d7e000 	C:\WINDOWS\System32\IMM32.DLL
0x0000000075980000 - 0x0000000075a52000 	C:\Program Files\Java\jdk1.8.0_191\jre\bin\msvcr100.dll
0x0000000075a60000 - 0x0000000076304000 	C:\Program Files\Java\jdk1.8.0_191\jre\bin\server\jvm.dll
0x00007ff972bc0000 - 0x00007ff972bc8000 	C:\WINDOWS\System32\PSAPI.DLL
0x00007ff96db30000 - 0x00007ff96db39000 	C:\WINDOWS\SYSTEM32\WSOCK32.dll
0x00007ff96d620000 - 0x00007ff96d644000 	C:\WINDOWS\SYSTEM32\WINMM.dll
0x00007ff971a40000 - 0x00007ff971aaf000 	C:\WINDOWS\System32\WS2_32.dll
0x00007ff967b30000 - 0x00007ff967b3a000 	C:\WINDOWS\SYSTEM32\VERSION.dll
0x00007ff96d5f0000 - 0x00007ff96d61d000 	C:\WINDOWS\SYSTEM32\winmmbase.dll
0x00007ff970b80000 - 0x00007ff970bca000 	C:\WINDOWS\System32\cfgmgr32.dll
0x0000000050000000 - 0x000000005000f000 	C:\Program Files\Java\jdk1.8.0_191\jre\bin\verify.dll
0x0000000075950000 - 0x0000000075979000 	C:\Program Files\Java\jdk1.8.0_191\jre\bin\java.dll
0x0000000077520000 - 0x0000000077536000 	C:\Program Files\Java\jdk1.8.0_191\jre\bin\zip.dll

VM Arguments:
jvm_args: -Dfile.encoding=UTF-8 
java_command: ScreenDemo.QuizFrame
java_class_path (initial): E:\java\CaseStudy\build\classes
Launcher Type: SUN_STANDARD

Environment Variables:
PATH=C:\ProgramData\Oracle\Java\javapath;C:\Program Files\Java\jdk1.8.0_111\bin;C:\Program Files\Java\jdk1.8.0_111\bin
USERNAME=ASUS
OS=Windows_NT
PROCESSOR_IDENTIFIER=AMD64 Family 23 Model 17 Stepping 0, AuthenticAMD



---------------  S Y S T E M  ---------------

OS: Windows 10.0 , 64 bit Build 18362 (10.0.18362.329)

CPU:total 8 (initial active 8) (8 cores per cpu, 1 threads per core) family 23 model 17 stepping 0, cmov, cx8, fxsr, mmx, sse, sse2, sse3, ssse3, sse4.1, sse4.2, popcnt, avx, avx2, aes, clmul, mmxext, 3dnowpref, lzcnt, sse4a, tsc, tscinvbit, tscinv, bmi1

Memory: 4k page, physical 7287016k(1322616k free), swap 22808360k(5208k free)

vm_info: Java HotSpot(TM) 64-Bit Server VM (25.191-b12) for windows-amd64 JRE (1.8.0_191-b12), built on Oct  6 2018 09:29:03 by "java_re" with MS VC++ 10.0 (VS2010)

time: Sun Dec 01 16:52:56 2019
elapsed time: 0 seconds (0d 0h 0m 0s)

